*** Using Compiler 'V5.06 update 7 (build 960)', folder: 'E:\Software\Keil_v5\ARM\ARMCC\Bin'
Build target 'LCD_ST7735'
compiling main.c...
../Core/Src/main.c(106): error:  #8: missing closing quote
      LCD_ShowChinese(0,0,"ä¸­æ™¯å›­ç”µå­?",RED,WHITE,24,0);
../Core/Src/main.c(107): error:  #165: too few arguments in function call
      LCD_ShowString(24,30,"LCD_W:",RED,WHITE,16,0);
../Core/Src/main.c(107): error:  #18: expected a ")"
      LCD_ShowString(24,30,"LCD_W:",RED,WHITE,16,0);
../Core/Src/main.c: 0 warnings, 3 errors
compiling st7735.c...
"LCD_ST7735\LCD_ST7735.axf" - 3 Error(s), 0 Warning(s).
Target not created.
Build Time Elapsed:  00:00:00
